<?xml version="1.0" encoding="UTF-8"?>
<testng-results skipped="0" failed="0" ignored="0" total="1" passed="1">
  <reporter-output>
  </reporter-output>
  <suite name="Suite" duration-ms="17020" started-at="2019-02-25T05:47:43Z" finished-at="2019-02-25T05:48:00Z">
    <groups>
    </groups>
    <test name="Test" duration-ms="17020" started-at="2019-02-25T05:47:43Z" finished-at="2019-02-25T05:48:00Z">
      <class name="com.demo.testCases.LoginApp">
        <test-method status="PASS" signature="setup()[pri:0, instance:com.demo.testCases.LoginApp@20e2cbe0]" name="setup" is-config="true" duration-ms="7064" started-at="2019-02-25T11:17:43Z" finished-at="2019-02-25T11:17:50Z">
          <reporter-output>
          </reporter-output>
        </test-method> <!-- setup -->
        <test-method status="PASS" signature="logntoApp()[pri:0, instance:com.demo.testCases.LoginApp@20e2cbe0]" name="logntoApp" duration-ms="9162" started-at="2019-02-25T11:17:50Z" finished-at="2019-02-25T11:17:59Z">
          <reporter-output>
          </reporter-output>
        </test-method> <!-- logntoApp -->
        <test-method status="PASS" signature="tearDown()[pri:0, instance:com.demo.testCases.LoginApp@20e2cbe0]" name="tearDown" is-config="true" duration-ms="775" started-at="2019-02-25T11:17:59Z" finished-at="2019-02-25T11:18:00Z">
          <reporter-output>
          </reporter-output>
        </test-method> <!-- tearDown -->
      </class> <!-- com.demo.testCases.LoginApp -->
    </test> <!-- Test -->
  </suite> <!-- Suite -->
</testng-results>
